{"/workspace/JsSolutions/averageCalc.js": {"path":"/workspace/JsSolutions/averageCalc.js","statementMap":{"0":{"start":{"line":2,"column":23},"end":{"line":11,"column":1}},"1":{"start":{"line":4,"column":16},"end":{"line":4,"column":17}},"2":{"start":{"line":6,"column":4},"end":{"line":8,"column":5}},"3":{"start":{"line":6,"column":18},"end":{"line":6,"column":19}},"4":{"start":{"line":7,"column":8},"end":{"line":7,"column":24}},"5":{"start":{"line":10,"column":4},"end":{"line":10,"column":30}},"6":{"start":{"line":13,"column":0},"end":{"line":13,"column":33}}},"fnMap":{"0":{"name":"(anonymous_0)","decl":{"start":{"line":2,"column":23},"end":{"line":2,"column":24}},"loc":{"start":{"line":2,"column":33},"end":{"line":11,"column":1}},"line":2}},"branchMap":{},"s":{"0":1,"1":4,"2":4,"3":4,"4":14,"5":4,"6":1},"f":{"0":4},"b":{},"_coverageSchema":"1a1c01bbd47fc00a2c39e90264f33305004495a9","hash":"1120f3e19b49c09adb62f914fb9c849b20553b33"}
}
